03:24:40 [DEBUG] (1) eframe: Using the glow renderer
03:24:40 [TRACE] (1) eframe::native::run: [C:\Users\paulm\.cargo\registry\src\index.crates.io-6f17d22bba15001f\eframe-0.28.1\src\native\run.rs:66] Entering the winit event loop (run_on_demand)…
03:24:40 [TRACE] (1) eframe::native::run: [C:\Users\paulm\.cargo\registry\src\index.crates.io-6f17d22bba15001f\eframe-0.28.1\src\native\run.rs:76] winit event: NewEvents(Init)
03:24:40 [TRACE] (1) eframe::native::run: [C:\Users\paulm\.cargo\registry\src\index.crates.io-6f17d22bba15001f\eframe-0.28.1\src\native\run.rs:127] event_result: Wait
03:24:40 [TRACE] (1) eframe::native::run: [C:\Users\paulm\.cargo\registry\src\index.crates.io-6f17d22bba15001f\eframe-0.28.1\src\native\run.rs:76] winit event: Resumed
03:24:40 [DEBUG] (1) eframe::native::glow_integration: Event::Resumed
03:24:40 [DEBUG] (1) eframe::native::file_storage: Loading app state from "C:\\Users\\paulm\\AppData\\Roaming\\Hack Emulator\\data\\app.ron"…
03:24:40 [DEBUG] (1) eframe::native::glow_integration: trying to create glutin Display with config: ConfigTemplateBuilder { template: ConfigTemplate { color_buffer_type: Rgb { r_size: 8, g_size: 8, b_size: 8 }, alpha_size: 8, depth_size: 0, stencil_size: 0, num_samples: None, min_swap_interval: None, max_swap_interval: None, config_surface_types: ConfigSurfaceTypes(WINDOW), api: None, transparency: false, single_buffering: false, stereoscopy: None, float_pixels: false, max_pbuffer_width: None, hardware_accelerated: None, max_pbuffer_height: None, native_window: None } }
03:24:40 [DEBUG] (1) eframe::native::glow_integration: using the first config from config picker closure. config: Wgl(Config { inner: Config { hdc: 620834887, pixel_format_index: 2 } })
03:24:40 [DEBUG] (1) eframe::native::glow_integration: successfully created GL Display with version: WGL and supported features: DisplayFeatures(CONTEXT_ROBUSTNESS | FLOAT_PIXEL_FORMAT | SWAP_CONTROL | CONTEXT_RELEASE_BEHAVIOR | CREATE_ES_CONTEXT | MULTISAMPLING_PIXEL_FORMATS | SRGB_FRAMEBUFFERS)
03:24:40 [DEBUG] (1) eframe::native::glow_integration: creating gl context using raw window handle: Some(Win32(Win32WindowHandle { hwnd: 0xb0b00, hinstance: 0x7ff7803f0000 }))
03:24:40 [DEBUG] (1) eframe::native::glow_integration: Initializing egui_winit for viewport "FFFF"
03:24:40 [TRACE] (1) egui_winit::clipboard: [C:\Users\paulm\.cargo\registry\src\index.crates.io-6f17d22bba15001f\egui-winit-0.28.1\src\clipboard.rs:117] Initializing arboard clipboard…
03:24:40 [DEBUG] (1) eframe::native::glow_integration: Creating a gl_surface for viewport "FFFF"
03:24:40 [TRACE] (1) eframe::native::glow_integration: [C:\Users\paulm\.cargo\registry\src\index.crates.io-6f17d22bba15001f\eframe-0.28.1\src\native\glow_integration.rs:1148] creating surface with attributes: SurfaceAttributes { srgb: None, single_buffer: false, width: Some(1680), height: Some(979), largest_pbuffer: false, raw_window_handle: Some(Win32(Win32WindowHandle { hwnd: 0xb0b00, hinstance: 0x7ff7803f0000 })), native_pixmap: None, _ty: PhantomData<glutin::surface::WindowSurface> }
03:24:40 [TRACE] (1) eframe::native::glow_integration: [C:\Users\paulm\.cargo\registry\src\index.crates.io-6f17d22bba15001f\eframe-0.28.1\src\native\glow_integration.rs:1155] surface created successfully: Wgl(Surface { config: 2, hwnd: 723712, hdc: -452912440 }). making context current
03:24:40 [TRACE] (1) eframe::native::glow_integration: [C:\Users\paulm\.cargo\registry\src\index.crates.io-6f17d22bba15001f\eframe-0.28.1\src\native\glow_integration.rs:1170] made context current. setting swap interval for surface
03:24:40 [DEBUG] (1) egui_glow::painter: 
opengl version: 3.3.0 - Build 31.0.101.2115
opengl renderer: Intel(R) UHD Graphics 630
opengl vendor: Intel
03:24:40 [DEBUG] (1) egui_glow::shader_version: Shader version: Gl140 ("3.30 - Build 31.0.101.2115").
03:24:40 [DEBUG] (1) egui_glow::painter: Shader header: "#version 140\n".
03:24:40 [TRACE] (1) egui_glow::painter: [C:\Users\paulm\.cargo\registry\src\index.crates.io-6f17d22bba15001f\egui_glow-0.28.1\src\painter.rs:169] OpenGL extensions: {"GL_ARB_framebuffer_sRGB", "GL_KHR_shader_subgroup_clustered", "GL_ARB_multi_draw_indirect", "GL_ARB_shader_objects", "GL_ARB_multitexture", "GL_ARB_shading_language_100", "GL_EXT_bgra", "GL_ARB_seamless_cube_map", "GL_ARB_texture_border_clamp", "GL_EXT_texture3D", "GL_ARB_indirect_parameters", "GL_ARB_half_float_pixel", "GL_EXT_packed_depth_stencil", "GL_ARB_window_pos", "GL_ARB_texture_storage_multisample", "GL_KHR_texture_compression_astc_hdr", "GL_ARB_half_float_vertex", "GL_EXT_framebuffer_multisample", "GL_ARB_cl_event", "GL_EXT_texture_edge_clamp", "GL_EXT_timer_query", "GL_KHR_context_flush_control", "GL_EXT_separate_specular_color", "GL_KHR_blend_equation_advanced_coherent", "GL_ARB_multisample", "GL_ARB_ES3_1_compatibility", "GL_EXT_clip_volume_hint", "GL_EXT_texture_storage", "GL_ARB_fragment_program", "GL_EXT_framebuffer_object", "GL_EXT_multi_draw_arrays", "GL_ARB_separate_shader_objects", "GL_ARB_base_instance", "GL_ARB_copy_image", "GL_INTEL_multi_rate_fragment_shader", "GL_ARB_texture_compression_bptc", "GL_ARB_conditional_render_inverted", "GL_ARB_viewport_array", "GL_ARB_bindless_texture", "GL_ARB_fragment_shader_interlock", "GL_ARB_explicit_uniform_location", "GL_ARB_occlusion_query2", "GL_ARB_arrays_of_arrays", "GL_ARB_copy_buffer", "GL_ARB_texture_env_dot3", "GL_ARB_texture_filter_anisotropic", "GL_ARB_texture_rgb10_a2ui", "GL_EXT_packed_float", "GL_ARB_texture_rectangle", "GL_KHR_shader_subgroup_shuffle", "GL_EXT_compiled_vertex_array", "GL_ARB_color_buffer_float", "GL_EXT_packed_pixels", "GL_SUN_multi_draw_arrays", "GL_EXT_blend_minmax", "GL_EXT_shadow_funcs", "GL_AMD_vertex_shader_layer", "GL_ARB_draw_elements_base_vertex", "GL_EXT_rescale_normal", "GL_EXT_shader_integer_mix", "GL_ARB_shader_group_vote", "GL_ARB_vertex_type_10f_11f_11f_rev", "GL_EXT_texture_snorm", "GL_ARB_transpose_matrix", "GL_KHR_debug", "GL_ARB_draw_buffers", "GL_ARB_internalformat_query", "GL_ARB_geometry_shader4", "GL_KHR_shader_subgroup_ballot", "GL_ARB_robustness", "GL_ARB_vertex_shader", "GL_ARB_vertex_type_2_10_10_10_rev", "GL_EXT_blend_subtract", "GL_ARB_shader_atomic_counters", "GL_EXT_polygon_offset_clamp", "GL_IBM_texture_mirrored_repeat", "GL_ARB_fragment_shader", "GL_ARB_texture_cube_map_array", "GL_ARB_seamless_cubemap_per_texture", "GL_KHR_texture_compression_astc_ldr", "GL_INTEL_framebuffer_CMAA", "GL_EXT_draw_buffers2", "GL_EXT_transform_feedback", "GL_ARB_shader_storage_buffer_object", "GL_NV_blend_square", "GL_EXT_stencil_two_side", "GL_ARB_texture_rg", "GL_ARB_post_depth_coverage", "GL_ARB_transform_feedback3", "GL_ATI_separate_stencil", "GL_ARB_framebuffer_object", "GL_ARB_shader_image_load_store", "GL_ARB_texture_env_combine", "GL_EXT_blend_func_separate", "GL_SGIS_generate_mipmap", "GL_ARB_point_parameters", "GL_INTEL_performance_query", "GL_ARB_draw_instanced", "GL_ARB_shader_texture_image_samples", "GL_ARB_texture_mirrored_repeat", "GL_ARB_texture_query_lod", "GL_ARB_texture_mirror_clamp_to_edge", "GL_KHR_shader_subgroup_vote", "GL_ARB_vertex_array_object", "GL_ARB_shader_draw_parameters", "GL_INTEL_conservative_rasterization", "GL_ARB_multi_bind", "GL_ARB_ES2_compatibility", "GL_ARB_shader_stencil_export", "GL_ARB_get_program_binary", "GL_ARB_shader_precision", "GL_EXT_texture_env_add", "GL_KHR_blend_equation_advanced", "GL_ARB_depth_clamp", "GL_EXT_stencil_wrap", "GL_ARB_spirv_extensions", "GL_KHR_shader_subgroup", "GL_ARB_get_texture_sub_image", "GL_ARB_conservative_depth", "GL_ARB_framebuffer_no_attachments", "GL_ARB_explicit_attrib_location", "GL_ARB_robustness_isolation", "GL_ARB_shading_language_packing", "GL_ARB_gl_spirv", "GL_EXT_texture_integer", "GL_KHR_shader_subgroup_arithmetic", "GL_ARB_fragment_coord_conventions", "GL_EXT_shader_framebuffer_fetch", "GL_ARB_shader_atomic_counter_ops", "GL_ARB_shader_subroutine", "GL_EXT_semaphore", "GL_SGIS_texture_lod", "GL_EXT_abgr", "GL_EXT_direct_state_access", "GL_ARB_texture_query_levels", "GL_ARB_transform_feedback_overflow_query", "GL_ARB_fragment_program_shadow", "GL_EXT_draw_range_elements", "GL_ARB_texture_stencil8", "GL_EXT_texture_rectangle", "GL_ARB_map_buffer_alignment", "GL_NV_primitive_restart", "GL_ARB_texture_buffer_object", "GL_EXT_texture_sRGB", "GL_ARB_sampler_objects", "GL_ARB_direct_state_access", "GL_ARB_compute_shader", "GL_ARB_texture_buffer_range", "GL_EXT_blend_color", "GL_ARB_pipeline_statistics_query", "GL_3DFX_texture_compression_FXT1", "GL_ARB_fragment_layer_viewport", "GL_EXT_gpu_program_parameters", "GL_SGIS_texture_edge_clamp", "GL_INTEL_map_texture", "GL_EXT_memory_object_win32", "GL_ARB_instanced_arrays", "GL_ARB_sync", "GL_EXT_framebuffer_blit", "GL_KHR_shader_subgroup_shuffle_relative", "GL_ARB_clear_texture", "GL_NV_texgen_reflection", "GL_ARB_transform_feedback_instanced", "GL_ARB_texture_cube_map", "GL_ARB_texture_float", "GL_ARB_vertex_buffer_object", "GL_EXT_texture_sRGB_decode", "GL_ARB_compressed_texture_pixel_storage", "GL_ARB_texture_storage", "GL_ARB_debug_output", "GL_ARB_invalidate_subdata", "GL_ARB_texture_multisample", "GL_ARB_query_buffer_object", "GL_ARB_blend_func_extended", "GL_ARB_timer_query", "WGL_EXT_swap_control", "GL_ARB_transform_feedback2", "GL_AMD_depth_clamp_separate", "GL_ARB_depth_buffer_float", "GL_ARB_stencil_texturing", "GL_ARB_texture_barrier", "GL_ARB_cull_distance", "GL_ARB_gpu_shader5", "GL_ARB_texture_compression_rgtc", "GL_NV_conditional_render", "GL_EXT_fog_coord", "GL_ARB_vertex_program", "GL_ARB_vertex_attrib_64bit", "GL_ARB_texture_env_add", "GL_ARB_tessellation_shader", "GL_EXT_texture_compression_s3tc", "GL_ARB_map_buffer_range", "GL_EXT_texture_shared_exponent", "GL_ARB_uniform_buffer_object", "GL_ARB_buffer_storage", "GL_EXT_semaphore_win32", "GL_ARB_texture_compression", "GL_ARB_texture_swizzle", "GL_ARB_clip_control", "GL_ARB_pixel_buffer_object", "GL_ARB_derivative_control", "GL_EXT_geometry_shader4", "GL_ARB_robust_buffer_access_behavior", "GL_ARB_internalformat_query2", "GL_ARB_shadow", "GL_ARB_vertex_array_bgra", "GL_ARB_shading_language_420pack", "GL_EXT_texture_env_combine", "GL_KHR_no_error", "GL_ARB_texture_view", "GL_EXT_secondary_color", "GL_ARB_texture_buffer_object_rgb32", "GL_ARB_texture_gather", "GL_EXT_memory_object", "GL_AMD_vertex_shader_viewport_index", "GL_INTEL_fragment_shader_ordering", "GL_ARB_point_sprite", "GL_ARB_shader_image_size", "GL_ARB_occlusion_query", "GL_EXT_texture_array", "GL_WIN_swap_hint", "GL_ARB_draw_buffers_blend", "GL_ARB_texture_env_crossbar", "GL_ARB_gpu_shader_fp64", "GL_EXT_texture_lod_bias", "GL_ARB_clear_buffer_object", "GL_ARB_provoking_vertex", "GL_ARB_program_interface_query", "GL_ARB_sample_shading", "GL_EXT_gpu_shader4", "GL_ARB_polygon_offset_clamp", "GL_ARB_draw_indirect", "GL_EXT_texture_swizzle", "GL_ARB_vertex_attrib_binding", "GL_KHR_shader_subgroup_basic", "GL_ARB_depth_texture", "GL_EXT_blend_equation_separate", "GL_ARB_ES3_compatibility", "GL_ARB_enhanced_layouts", "GL_EXT_texture_filter_anisotropic", "GL_ARB_shader_bit_encoding", "GL_KHR_shader_subgroup_quad", "GL_ARB_texture_non_power_of_two"}
03:24:40 [DEBUG] (1) egui_glow::painter: SRGB texture Support: true
03:24:40 [DEBUG] (1) egui_glow::painter: SRGB framebuffer Support: true
03:24:40 [DEBUG] (1) egui_glow::vao: GL version: "3.3.0 - Build 31.0.101.2115".
03:24:40 [TRACE] (1) eframe::native::run: [C:\Users\paulm\.cargo\registry\src\index.crates.io-6f17d22bba15001f\eframe-0.28.1\src\native\run.rs:127] event_result: RepaintNow(WindowId(WindowId(723712)))
03:24:40 [TRACE] (1) eframe::native::run: [C:\Users\paulm\.cargo\registry\src\index.crates.io-6f17d22bba15001f\eframe-0.28.1\src\native\run.rs:143] RepaintNow of WindowId(WindowId(723712)) caused by Event::Resumed
03:24:40 [TRACE] (1) eframe::native::glow_integration: [C:\Users\paulm\.cargo\registry\src\index.crates.io-6f17d22bba15001f\eframe-0.28.1\src\native\glow_integration.rs:253] request_repaint_callback: RequestRepaintInfo { viewport_id: "FFFF", delay: 0ns, current_frame_nr: 0 }
03:24:40 [TRACE] (1) egui::context: [C:\Users\paulm\.cargo\registry\src\index.crates.io-6f17d22bba15001f\egui-0.28.1\src\context.rs:552] Creating new Fonts for pixels_per_point=1
03:24:40 [TRACE] (1) egui_extras::loaders: [C:\Users\paulm\.cargo\registry\src\index.crates.io-6f17d22bba15001f\egui_extras-0.28.1\src\loaders.rs:62] installed FileLoader
03:24:40 [TRACE] (1) egui_extras::loaders: [C:\Users\paulm\.cargo\registry\src\index.crates.io-6f17d22bba15001f\egui_extras-0.28.1\src\loaders.rs:70] installed EhttpLoader
03:24:40 [TRACE] (1) egui_extras::loaders: [C:\Users\paulm\.cargo\registry\src\index.crates.io-6f17d22bba15001f\egui_extras-0.28.1\src\loaders.rs:78] installed ImageCrateLoader
03:24:40 [TRACE] (1) egui_extras::loaders: [C:\Users\paulm\.cargo\registry\src\index.crates.io-6f17d22bba15001f\egui_extras-0.28.1\src\loaders.rs:84] installed GifLoader
03:24:40 [TRACE] (1) egui_extras::loaders: [C:\Users\paulm\.cargo\registry\src\index.crates.io-6f17d22bba15001f\egui_extras-0.28.1\src\loaders.rs:90] installed SvgLoader
03:24:40 [TRACE] (1) eframe::native::run: [C:\Users\paulm\.cargo\registry\src\index.crates.io-6f17d22bba15001f\eframe-0.28.1\src\native\run.rs:76] winit event: WindowEvent { window_id: WindowId(WindowId(723712)), event: Resized(PhysicalSize { width: 1680, height: 979 }) }
03:24:40 [TRACE] (1) eframe::native::run: [C:\Users\paulm\.cargo\registry\src\index.crates.io-6f17d22bba15001f\eframe-0.28.1\src\native\run.rs:127] event_result: RepaintNow(WindowId(WindowId(723712)))
03:24:40 [TRACE] (1) eframe::native::run: [C:\Users\paulm\.cargo\registry\src\index.crates.io-6f17d22bba15001f\eframe-0.28.1\src\native\run.rs:143] RepaintNow of WindowId(WindowId(723712)) caused by WindowEvent::Resized
03:24:40 [TRACE] (1) eframe::native::glow_integration: [C:\Users\paulm\.cargo\registry\src\index.crates.io-6f17d22bba15001f\eframe-0.28.1\src\native\glow_integration.rs:253] request_repaint_callback: RequestRepaintInfo { viewport_id: "FFFF", delay: 0ns, current_frame_nr: 1 }
03:24:40 [TRACE] (1) eframe::native::run: [C:\Users\paulm\.cargo\registry\src\index.crates.io-6f17d22bba15001f\eframe-0.28.1\src\native\run.rs:76] winit event: WindowEvent { window_id: WindowId(WindowId(723712)), event: Moved(PhysicalPosition { x: 2560, y: 174 }) }
03:24:40 [TRACE] (1) eframe::native::run: [C:\Users\paulm\.cargo\registry\src\index.crates.io-6f17d22bba15001f\eframe-0.28.1\src\native\run.rs:127] event_result: RepaintNext(WindowId(WindowId(723712)))
03:24:40 [TRACE] (1) eframe::native::run: [C:\Users\paulm\.cargo\registry\src\index.crates.io-6f17d22bba15001f\eframe-0.28.1\src\native\run.rs:158] RepaintNext of WindowId(WindowId(723712)) caused by WindowEvent::Moved
03:24:40 [TRACE] (1) eframe::native::run: [C:\Users\paulm\.cargo\registry\src\index.crates.io-6f17d22bba15001f\eframe-0.28.1\src\native\run.rs:191] request_redraw for WindowId(WindowId(723712))
03:24:40 [TRACE] (1) eframe::native::run: [C:\Users\paulm\.cargo\registry\src\index.crates.io-6f17d22bba15001f\eframe-0.28.1\src\native\run.rs:76] winit event: WindowEvent { window_id: WindowId(WindowId(723712)), event: Resized(PhysicalSize { width: 1680, height: 979 }) }
03:24:40 [TRACE] (1) eframe::native::run: [C:\Users\paulm\.cargo\registry\src\index.crates.io-6f17d22bba15001f\eframe-0.28.1\src\native\run.rs:127] event_result: RepaintNow(WindowId(WindowId(723712)))
03:24:40 [TRACE] (1) eframe::native::run: [C:\Users\paulm\.cargo\registry\src\index.crates.io-6f17d22bba15001f\eframe-0.28.1\src\native\run.rs:143] RepaintNow of WindowId(WindowId(723712)) caused by WindowEvent::Resized
03:24:40 [TRACE] (1) eframe::native::glow_integration: [C:\Users\paulm\.cargo\registry\src\index.crates.io-6f17d22bba15001f\eframe-0.28.1\src\native\glow_integration.rs:253] request_repaint_callback: RequestRepaintInfo { viewport_id: "FFFF", delay: 0ns, current_frame_nr: 2 }
03:24:40 [TRACE] (1) eframe::native::run: [C:\Users\paulm\.cargo\registry\src\index.crates.io-6f17d22bba15001f\eframe-0.28.1\src\native\run.rs:76] winit event: AboutToWait
03:24:40 [TRACE] (1) eframe::native::run: [C:\Users\paulm\.cargo\registry\src\index.crates.io-6f17d22bba15001f\eframe-0.28.1\src\native\run.rs:76] winit event: NewEvents(Poll)
03:24:40 [TRACE] (1) eframe::native::run: [C:\Users\paulm\.cargo\registry\src\index.crates.io-6f17d22bba15001f\eframe-0.28.1\src\native\run.rs:127] event_result: Wait
03:24:40 [TRACE] (1) eframe::native::run: [C:\Users\paulm\.cargo\registry\src\index.crates.io-6f17d22bba15001f\eframe-0.28.1\src\native\run.rs:76] winit event: UserEvent(RequestRepaint { viewport_id: "FFFF", when: Instant { t: 518105.8485625s }, frame_nr: 0 })
03:24:40 [TRACE] (1) eframe::native::run: [C:\Users\paulm\.cargo\registry\src\index.crates.io-6f17d22bba15001f\eframe-0.28.1\src\native\run.rs:113] Got outdated UserEvent::RequestRepaint
03:24:40 [TRACE] (1) eframe::native::run: [C:\Users\paulm\.cargo\registry\src\index.crates.io-6f17d22bba15001f\eframe-0.28.1\src\native\run.rs:76] winit event: UserEvent(RequestRepaint { viewport_id: "FFFF", when: Instant { t: 518105.9122695s }, frame_nr: 1 })
03:24:40 [TRACE] (1) eframe::native::run: [C:\Users\paulm\.cargo\registry\src\index.crates.io-6f17d22bba15001f\eframe-0.28.1\src\native\run.rs:113] Got outdated UserEvent::RequestRepaint
03:24:40 [TRACE] (1) eframe::native::run: [C:\Users\paulm\.cargo\registry\src\index.crates.io-6f17d22bba15001f\eframe-0.28.1\src\native\run.rs:76] winit event: UserEvent(RequestRepaint { viewport_id: "FFFF", when: Instant { t: 518105.9189923s }, frame_nr: 2 })
03:24:40 [TRACE] (1) eframe::native::run: [C:\Users\paulm\.cargo\registry\src\index.crates.io-6f17d22bba15001f\eframe-0.28.1\src\native\run.rs:106] UserEvent::RequestRepaint scheduling repaint at Instant { t: 518105.9189923s }
03:24:40 [TRACE] (1) eframe::native::run: [C:\Users\paulm\.cargo\registry\src\index.crates.io-6f17d22bba15001f\eframe-0.28.1\src\native\run.rs:191] request_redraw for WindowId(WindowId(723712))
03:24:40 [TRACE] (1) eframe::native::run: [C:\Users\paulm\.cargo\registry\src\index.crates.io-6f17d22bba15001f\eframe-0.28.1\src\native\run.rs:76] winit event: DeviceEvent { device_id: DeviceId(DeviceId(65711)), event: Added }
03:24:40 [TRACE] (1) eframe::native::run: [C:\Users\paulm\.cargo\registry\src\index.crates.io-6f17d22bba15001f\eframe-0.28.1\src\native\run.rs:127] event_result: Wait
03:24:40 [TRACE] (1) eframe::native::run: [C:\Users\paulm\.cargo\registry\src\index.crates.io-6f17d22bba15001f\eframe-0.28.1\src\native\run.rs:191] request_redraw for WindowId(WindowId(723712))
03:24:40 [TRACE] (1) eframe::native::run: [C:\Users\paulm\.cargo\registry\src\index.crates.io-6f17d22bba15001f\eframe-0.28.1\src\native\run.rs:76] winit event: DeviceEvent { device_id: DeviceId(DeviceId(1114146)), event: Added }
03:24:40 [TRACE] (1) eframe::native::run: [C:\Users\paulm\.cargo\registry\src\index.crates.io-6f17d22bba15001f\eframe-0.28.1\src\native\run.rs:127] event_result: Wait
03:24:40 [TRACE] (1) eframe::native::run: [C:\Users\paulm\.cargo\registry\src\index.crates.io-6f17d22bba15001f\eframe-0.28.1\src\native\run.rs:191] request_redraw for WindowId(WindowId(723712))
03:24:40 [TRACE] (1) eframe::native::run: [C:\Users\paulm\.cargo\registry\src\index.crates.io-6f17d22bba15001f\eframe-0.28.1\src\native\run.rs:76] winit event: WindowEvent { window_id: WindowId(WindowId(723712)), event: RedrawRequested }
03:24:40 [TRACE] (1) eframe::native::glow_integration: [C:\Users\paulm\.cargo\registry\src\index.crates.io-6f17d22bba15001f\eframe-0.28.1\src\native\glow_integration.rs:253] request_repaint_callback: RequestRepaintInfo { viewport_id: "FFFF", delay: 0ns, current_frame_nr: 3 }
03:24:40 [TRACE] (1) eframe::native::run: [C:\Users\paulm\.cargo\registry\src\index.crates.io-6f17d22bba15001f\eframe-0.28.1\src\native\run.rs:76] winit event: AboutToWait
03:24:40 [TRACE] (1) eframe::native::run: [C:\Users\paulm\.cargo\registry\src\index.crates.io-6f17d22bba15001f\eframe-0.28.1\src\native\run.rs:76] winit event: NewEvents(WaitCancelled { start: Instant { t: 518105.9346754s }, requested_resume: None })
03:24:40 [TRACE] (1) eframe::native::run: [C:\Users\paulm\.cargo\registry\src\index.crates.io-6f17d22bba15001f\eframe-0.28.1\src\native\run.rs:127] event_result: Wait
03:24:40 [TRACE] (1) eframe::native::run: [C:\Users\paulm\.cargo\registry\src\index.crates.io-6f17d22bba15001f\eframe-0.28.1\src\native\run.rs:76] winit event: UserEvent(RequestRepaint { viewport_id: "FFFF", when: Instant { t: 518105.9307134s }, frame_nr: 3 })
03:24:40 [TRACE] (1) eframe::native::run: [C:\Users\paulm\.cargo\registry\src\index.crates.io-6f17d22bba15001f\eframe-0.28.1\src\native\run.rs:106] UserEvent::RequestRepaint scheduling repaint at Instant { t: 518105.9307134s }
03:24:40 [TRACE] (1) eframe::native::run: [C:\Users\paulm\.cargo\registry\src\index.crates.io-6f17d22bba15001f\eframe-0.28.1\src\native\run.rs:191] request_redraw for WindowId(WindowId(723712))
03:24:40 [TRACE] (1) eframe::native::run: [C:\Users\paulm\.cargo\registry\src\index.crates.io-6f17d22bba15001f\eframe-0.28.1\src\native\run.rs:76] winit event: WindowEvent { window_id: WindowId(WindowId(723712)), event: RedrawRequested }
03:24:40 [TRACE] (1) eframe::native::run: [C:\Users\paulm\.cargo\registry\src\index.crates.io-6f17d22bba15001f\eframe-0.28.1\src\native\run.rs:76] winit event: AboutToWait
03:24:40 [TRACE] (1) eframe::native::run: [C:\Users\paulm\.cargo\registry\src\index.crates.io-6f17d22bba15001f\eframe-0.28.1\src\native\run.rs:76] winit event: NewEvents(WaitCancelled { start: Instant { t: 518105.9500949s }, requested_resume: None })
03:24:40 [TRACE] (1) eframe::native::run: [C:\Users\paulm\.cargo\registry\src\index.crates.io-6f17d22bba15001f\eframe-0.28.1\src\native\run.rs:127] event_result: Wait
03:24:40 [TRACE] (1) eframe::native::run: [C:\Users\paulm\.cargo\registry\src\index.crates.io-6f17d22bba15001f\eframe-0.28.1\src\native\run.rs:76] winit event: AboutToWait
03:24:40 [TRACE] (1) eframe::native::run: [C:\Users\paulm\.cargo\registry\src\index.crates.io-6f17d22bba15001f\eframe-0.28.1\src\native\run.rs:76] winit event: NewEvents(WaitCancelled { start: Instant { t: 518105.9505413s }, requested_resume: None })
03:24:40 [TRACE] (1) eframe::native::run: [C:\Users\paulm\.cargo\registry\src\index.crates.io-6f17d22bba15001f\eframe-0.28.1\src\native\run.rs:127] event_result: Wait
03:24:40 [TRACE] (1) eframe::native::run: [C:\Users\paulm\.cargo\registry\src\index.crates.io-6f17d22bba15001f\eframe-0.28.1\src\native\run.rs:76] winit event: AboutToWait
